<?xml version="1.0" encoding="UTF-8"?>
<!-- Generated by org.testng.reporters.JUnitReportReporter -->
<testsuite hostname="LAPTOP-6R9G1R4N" failures="0" tests="1" name="com.orangeHRM.test.BaseTest" time="28.824" errors="0" timestamp="2025-05-24T22:28:05 IST" skipped="0">
  <testcase classname="com.orangeHRM.test.BaseTest" name="setupTest" time="28.824"/>
  <system-out/>
</testsuite> <!-- com.orangeHRM.test.BaseTest -->
