<?xml version="1.0" encoding="UTF-8"?>
<!-- Generated by org.testng.reporters.JUnitReportReporter -->
<testsuite hostname="WKWZTP9hkzSNER5" failures="0" tests="1" name="com.orangeHRM.test.BaseTest" time="147.415" errors="0" timestamp="2025-05-14T07:11:44 IST" skipped="0">
  <testcase classname="com.orangeHRM.test.BaseTest" name="setupTest" time="147.415"/>
</testsuite> <!-- com.orangeHRM.test.BaseTest -->
